Flow report for Baseball_Counter
Tue Dec 11 10:50:54 2018
Quartus II 64-Bit Version 13.1.4 Build 182 03/12/2014 SJ Web Edition


---------------------
; Table of Contents ;
---------------------
  1. Legal Notice
  2. Flow Summary
  3. Flow Settings
  4. Flow Non-Default Global Settings
  5. Flow Elapsed Time
  6. Flow OS Summary
  7. Flow Log
  8. Flow Messages
  9. Flow Suppressed Messages



----------------
; Legal Notice ;
----------------
Copyright (C) 1991-2014 Altera Corporation
Your use of Altera Corporation's design tools, logic functions 
and other software and tools, and its AMPP partner logic 
functions, and any output files from any of the foregoing 
(including device programming or simulation files), and any 
associated documentation or information are expressly subject 
to the terms and conditions of the Altera Program License 
Subscription Agreement, Altera MegaCore Function License 
Agreement, or other applicable license agreement, including, 
without limitation, that your use is for the sole purpose of 
programming logic devices manufactured by Altera and sold by 
Altera or its authorized distributors.  Please refer to the 
applicable agreement for further details.



+---------------------------------------------------------------------------------+
; Flow Summary                                                                    ;
+------------------------------------+--------------------------------------------+
; Flow Status                        ; Successful - Tue Dec 11 10:50:54 2018      ;
; Quartus II 64-Bit Version          ; 13.1.4 Build 182 03/12/2014 SJ Web Edition ;
; Revision Name                      ; Baseball_Counter                           ;
; Top-level Entity Name              ; Baseball_Counter                           ;
; Family                             ; Cyclone III                                ;
; Device                             ; EP3C16F484C6                               ;
; Timing Models                      ; Final                                      ;
; Total logic elements               ; 95 / 15,408 ( < 1 % )                      ;
;     Total combinational functions  ; 95 / 15,408 ( < 1 % )                      ;
;     Dedicated logic registers      ; 64 / 15,408 ( < 1 % )                      ;
; Total registers                    ; 64                                         ;
; Total pins                         ; 8 / 347 ( 2 % )                            ;
; Total virtual pins                 ; 0                                          ;
; Total memory bits                  ; 0 / 516,096 ( 0 % )                        ;
; Embedded Multiplier 9-bit elements ; 0 / 112 ( 0 % )                            ;
; Total PLLs                         ; 0 / 4 ( 0 % )                              ;
+------------------------------------+--------------------------------------------+


+-----------------------------------------+
; Flow Settings                           ;
+-------------------+---------------------+
; Option            ; Setting             ;
+-------------------+---------------------+
; Start date & time ; 12/11/2018 10:50:28 ;
; Main task         ; Compilation         ;
; Revision Name     ; Baseball_Counter    ;
+-------------------+---------------------+


+---------------------------------------------------------------------------------------------------------------------------------------+
; Flow Non-Default Global Settings                                                                                                      ;
+--------------------------------------+------------------------------------------+---------------+-------------+-----------------------+
; Assignment Name                      ; Value                                    ; Default Value ; Entity Name ; Section Id            ;
+--------------------------------------+------------------------------------------+---------------+-------------+-----------------------+
; COMPILER_SIGNATURE_ID                ; 167746773749153.154454342714400          ; --            ; --          ; --                    ;
; EDA_DESIGN_INSTANCE_NAME             ; NA                                       ; --            ; --          ; Baseball_Counter_TEST ;
; EDA_NATIVELINK_SIMULATION_TEST_BENCH ; Baseball_Counter_TEST                    ; --            ; --          ; eda_simulation        ;
; EDA_OUTPUT_DATA_FORMAT               ; Vhdl                                     ; --            ; --          ; eda_simulation        ;
; EDA_SIMULATION_TOOL                  ; ModelSim-Altera (VHDL)                   ; <None>        ; --          ; --                    ;
; EDA_TEST_BENCH_ENABLE_STATUS         ; TEST_BENCH_MODE                          ; --            ; --          ; eda_simulation        ;
; EDA_TEST_BENCH_FILE                  ; simulation/modelsim/Baseball_Counter.vht ; --            ; --          ; Baseball_Counter_TEST ;
; EDA_TEST_BENCH_MODULE_NAME           ; Baseball_Counter_TEST                    ; --            ; --          ; Baseball_Counter_TEST ;
; EDA_TEST_BENCH_NAME                  ; Baseball_Counter_TEST                    ; --            ; --          ; eda_simulation        ;
; MAX_CORE_JUNCTION_TEMP               ; 85                                       ; --            ; --          ; --                    ;
; MIN_CORE_JUNCTION_TEMP               ; 0                                        ; --            ; --          ; --                    ;
; NOMINAL_CORE_SUPPLY_VOLTAGE          ; 1.2V                                     ; --            ; --          ; --                    ;
; PARTITION_COLOR                      ; 16764057                                 ; --            ; --          ; Top                   ;
; PARTITION_FITTER_PRESERVATION_LEVEL  ; PLACEMENT_AND_ROUTING                    ; --            ; --          ; Top                   ;
; PARTITION_NETLIST_TYPE               ; SOURCE                                   ; --            ; --          ; Top                   ;
; POWER_BOARD_THERMAL_MODEL            ; None (CONSERVATIVE)                      ; --            ; --          ; --                    ;
; POWER_PRESET_COOLING_SOLUTION        ; 23 MM HEAT SINK WITH 200 LFPM AIRFLOW    ; --            ; --          ; --                    ;
; PROJECT_OUTPUT_DIRECTORY             ; output_files                             ; --            ; --          ; --                    ;
+--------------------------------------+------------------------------------------+---------------+-------------+-----------------------+


+-------------------------------------------------------------------------------------------------------------------------------+
; Flow Elapsed Time                                                                                                             ;
+---------------------------+--------------+-------------------------+---------------------+------------------------------------+
; Module Name               ; Elapsed Time ; Average Processors Used ; Peak Virtual Memory ; Total CPU Time (on all processors) ;
+---------------------------+--------------+-------------------------+---------------------+------------------------------------+
; Analysis & Synthesis      ; 00:00:03     ; 1.0                     ; 4660 MB             ; 00:00:02                           ;
; Fitter                    ; 00:00:09     ; 1.0                     ; 4868 MB             ; 00:00:07                           ;
; Assembler                 ; 00:00:02     ; 1.0                     ; 4579 MB             ; 00:00:01                           ;
; TimeQuest Timing Analyzer ; 00:00:04     ; 1.0                     ; 4613 MB             ; 00:00:02                           ;
; EDA Netlist Writer        ; 00:00:01     ; 1.0                     ; 4536 MB             ; 00:00:01                           ;
; Total                     ; 00:00:19     ; --                      ; --                  ; 00:00:13                           ;
+---------------------------+--------------+-------------------------+---------------------+------------------------------------+


+----------------------------------------------------------------------------------------+
; Flow OS Summary                                                                        ;
+---------------------------+------------------+-----------+------------+----------------+
; Module Name               ; Machine Hostname ; OS Name   ; OS Version ; Processor type ;
+---------------------------+------------------+-----------+------------+----------------+
; Analysis & Synthesis      ; SEST-147-12      ; Windows 7 ; 6.2        ; x86_64         ;
; Fitter                    ; SEST-147-12      ; Windows 7 ; 6.2        ; x86_64         ;
; Assembler                 ; SEST-147-12      ; Windows 7 ; 6.2        ; x86_64         ;
; TimeQuest Timing Analyzer ; SEST-147-12      ; Windows 7 ; 6.2        ; x86_64         ;
; EDA Netlist Writer        ; SEST-147-12      ; Windows 7 ; 6.2        ; x86_64         ;
+---------------------------+------------------+-----------+------------+----------------+


------------
; Flow Log ;
------------
quartus_map --read_settings_files=on --write_settings_files=off Baseball_Counter -c Baseball_Counter
quartus_fit --read_settings_files=off --write_settings_files=off Baseball_Counter -c Baseball_Counter
quartus_asm --read_settings_files=off --write_settings_files=off Baseball_Counter -c Baseball_Counter
quartus_sta Baseball_Counter -c Baseball_Counter
quartus_eda --read_settings_files=off --write_settings_files=off Baseball_Counter -c Baseball_Counter



