Assembler report for IR
Sat Nov 21 11:01:44 2020
Quartus Prime Version 20.1.0 Build 711 06/05/2020 SJ Lite Edition


---------------------
; Table of Contents ;
---------------------
  1. Legal Notice
  2. Assembler Summary
  3. Assembler Settings
  4. Assembler Generated Files
  5. Assembler Device Options: C:/git/CET466-Digital-Logic/Altera Cyclone IV board V3.0/3-Experiment code/Development board routines/Peripheral control 13 IR/IR/IR.sof
  6. Assembler Device Options: C:/git/CET466-Digital-Logic/Altera Cyclone IV board V3.0/3-Experiment code/Development board routines/Peripheral control 13 IR/IR/IR.pof
  7. Assembler Messages



----------------
; Legal Notice ;
----------------
Copyright (C) 2020  Intel Corporation. All rights reserved.
Your use of Intel Corporation's design tools, logic functions 
and other software and tools, and any partner logic 
functions, and any output files from any of the foregoing 
(including device programming or simulation files), and any 
associated documentation or information are expressly subject 
to the terms and conditions of the Intel Program License 
Subscription Agreement, the Intel Quartus Prime License Agreement,
the Intel FPGA IP License Agreement, or other applicable license
agreement, including, without limitation, that your use is for
the sole purpose of programming logic devices manufactured by
Intel and sold by Intel or its authorized distributors.  Please
refer to the applicable agreement for further details, at
https://fpgasoftware.intel.com/eula.



+---------------------------------------------------------------+
; Assembler Summary                                             ;
+-----------------------+---------------------------------------+
; Assembler Status      ; Successful - Sat Nov 21 11:01:44 2020 ;
; Revision Name         ; IR                                    ;
; Top-level Entity Name ; IR                                    ;
; Family                ; Cyclone IV E                          ;
; Device                ; EP4CE6E22C8                           ;
+-----------------------+---------------------------------------+


+----------------------------------+
; Assembler Settings               ;
+--------+---------+---------------+
; Option ; Setting ; Default Value ;
+--------+---------+---------------+


+------------------------------------------------------------------------------------------------------------------------------------------+
; Assembler Generated Files                                                                                                                ;
+------------------------------------------------------------------------------------------------------------------------------------------+
; File Name                                                                                                                                ;
+------------------------------------------------------------------------------------------------------------------------------------------+
; C:/git/CET466-Digital-Logic/Altera Cyclone IV board V3.0/3-Experiment code/Development board routines/Peripheral control 13 IR/IR/IR.sof ;
; C:/git/CET466-Digital-Logic/Altera Cyclone IV board V3.0/3-Experiment code/Development board routines/Peripheral control 13 IR/IR/IR.pof ;
+------------------------------------------------------------------------------------------------------------------------------------------+


+--------------------------------------------------------------------------------------------------------------------------------------------------------------------+
; Assembler Device Options: C:/git/CET466-Digital-Logic/Altera Cyclone IV board V3.0/3-Experiment code/Development board routines/Peripheral control 13 IR/IR/IR.sof ;
+----------------+---------------------------------------------------------------------------------------------------------------------------------------------------+
; Option         ; Setting                                                                                                                                           ;
+----------------+---------------------------------------------------------------------------------------------------------------------------------------------------+
; JTAG usercode  ; 0xFFFFFFFF                                                                                                                                        ;
; Checksum       ; 0x000A1337                                                                                                                                        ;
+----------------+---------------------------------------------------------------------------------------------------------------------------------------------------+


+--------------------------------------------------------------------------------------------------------------------------------------------------------------------+
; Assembler Device Options: C:/git/CET466-Digital-Logic/Altera Cyclone IV board V3.0/3-Experiment code/Development board routines/Peripheral control 13 IR/IR/IR.pof ;
+--------------------+-----------------------------------------------------------------------------------------------------------------------------------------------+
; Option             ; Setting                                                                                                                                       ;
+--------------------+-----------------------------------------------------------------------------------------------------------------------------------------------+
; JTAG usercode      ; 0x00000000                                                                                                                                    ;
; Checksum           ; 0x0676685F                                                                                                                                    ;
; Compression Ratio  ; 3                                                                                                                                             ;
+--------------------+-----------------------------------------------------------------------------------------------------------------------------------------------+


+--------------------+
; Assembler Messages ;
+--------------------+
Info: *******************************************************************
Info: Running Quartus Prime Assembler
    Info: Version 20.1.0 Build 711 06/05/2020 SJ Lite Edition
    Info: Processing started: Sat Nov 21 11:01:42 2020
Info: Command: quartus_asm --read_settings_files=off --write_settings_files=off IR -c IR
Warning (18236): Number of processors has not been specified which may cause overloading on shared machines.  Set the global assignment NUM_PARALLEL_PROCESSORS in your QSF to an appropriate value for best performance.
Info (115031): Writing out detailed assembly data for power analysis
Info (115030): Assembler is generating device programming files
Info: Quartus Prime Assembler was successful. 0 errors, 1 warning
    Info: Peak virtual memory: 4689 megabytes
    Info: Processing ended: Sat Nov 21 11:01:44 2020
    Info: Elapsed time: 00:00:02
    Info: Total CPU time (on all processors): 00:00:02


